0 verbose cli [
0 verbose cli   '/usr/local/bin/node',
0 verbose cli   '/usr/local/bin/npm',
0 verbose cli   'install',
0 verbose cli   '--save-dev',
0 verbose cli   '@types/node'
0 verbose cli ]
1 info using npm@8.3.0
2 info using node@v17.3.1
3 timing npm:load:whichnode Completed in 1ms
4 timing config:load:defaults Completed in 1ms
5 timing config:load:file:/usr/local/lib/node_modules/npm/npmrc Completed in 0ms
6 timing config:load:builtin Completed in 0ms
7 timing config:load:cli Completed in 3ms
8 timing config:load:env Completed in 0ms
9 timing config:load:project Completed in 1ms
10 timing config:load:file:/home/node/.npmrc Completed in 0ms
11 timing config:load:user Completed in 0ms
12 timing config:load:file:/usr/local/etc/npmrc Completed in 1ms
13 timing config:load:global Completed in 1ms
14 timing config:load:validate Completed in 0ms
15 timing config:load:credentials Completed in 1ms
16 timing config:load:setEnvs Completed in 1ms
17 timing config:load Completed in 9ms
18 timing npm:load:configload Completed in 9ms
19 timing npm:load:setTitle Completed in 1ms
20 timing config:load:flatten Completed in 3ms
21 timing npm:load:display Completed in 4ms
22 verbose logfile /home/node/.npm/_logs/2022-02-07T12_56_47_311Z-debug-0.log
23 timing npm:load:logFile Completed in 5ms
24 timing npm:load:timers Completed in 0ms
25 timing npm:load:configScope Completed in 0ms
26 timing npm:load Completed in 20ms
27 timing arborist:ctor Completed in 0ms
28 silly logfile start cleaning logs, removing 1 files
29 timing idealTree:init Completed in 24ms
30 timing idealTree:userRequests Completed in 2ms
31 silly idealTree buildDeps
32 silly fetch manifest @types/node@*
33 timing arborist:ctor Completed in 0ms
34 http fetch GET 200 https://registry.npmjs.org/@types%2fnode 679ms (cache updated)
35 silly placeDep ROOT @types/node@17.0.15 OK for:  want: *
36 timing idealTree:#root Completed in 699ms
37 timing idealTree:node_modules/@types/node Completed in 0ms
38 timing idealTree:buildDeps Completed in 700ms
39 timing idealTree:fixDepFlags Completed in 1ms
40 timing idealTree Completed in 727ms
41 timing reify:loadTrees Completed in 729ms
42 timing reify:diffTrees Completed in 2ms
43 silly reify moves {}
44 timing reify:retireShallow Completed in 1ms
45 timing reify:createSparse Completed in 1ms
46 timing reify:loadBundles Completed in 0ms
47 silly audit bulk request {
47 silly audit   argparse: [ '1.0.10' ],
47 silly audit   classnames: [ '2.3.1' ],
47 silly audit   esprima: [ '4.0.1' ],
47 silly audit   'extend-shallow': [ '2.0.1' ],
47 silly audit   'gray-matter': [ '4.0.3' ],
47 silly audit   'is-extendable': [ '0.1.1' ],
47 silly audit   'js-yaml': [ '3.14.1' ],
47 silly audit   'kind-of': [ '6.0.3' ],
47 silly audit   'section-matter': [ '1.0.0' ],
47 silly audit   'sprintf-js': [ '1.0.3' ],
47 silly audit   'strip-bom-string': [ '1.0.0' ],
47 silly audit   '@types/node': [ '17.0.15' ]
47 silly audit }
48 silly tarball no local data for @types/node@https://registry.npmjs.org/@types/node/-/node-17.0.15.tgz. Extracting by manifest.
49 http fetch POST 200 https://registry.npmjs.org/-/npm/v1/security/advisories/bulk 219ms
50 timing auditReport:getReport Completed in 221ms
51 silly audit report {}
52 timing auditReport:init Completed in 0ms
53 timing reify:audit Completed in 222ms
54 http fetch GET 200 https://registry.npmjs.org/@types/node/-/node-17.0.15.tgz 279ms (cache miss)
55 timing reifyNode:node_modules/@types/node Completed in 287ms
56 timing reify:unpack Completed in 287ms
57 timing reify:unretire Completed in 0ms
58 timing build:queue Completed in 0ms
59 timing build:deps Completed in 0ms
60 timing build Completed in 1ms
61 timing reify:build Completed in 2ms
62 timing reify:trash Completed in 0ms
63 timing reify:save Completed in 6ms
64 timing reify Completed in 1041ms
65 silly ADD node_modules/@types/node
66 timing command:install Completed in 1046ms
67 verbose exit 0
68 timing npm Completed in 1291ms
69 info ok
