0 verbose cli [
0 verbose cli   '/usr/local/bin/node',
0 verbose cli   '/usr/local/bin/npm',
0 verbose cli   'install',
0 verbose cli   'gray-matter'
0 verbose cli ]
1 info using npm@8.3.0
2 info using node@v17.3.1
3 timing npm:load:whichnode Completed in 1ms
4 timing config:load:defaults Completed in 1ms
5 timing config:load:file:/usr/local/lib/node_modules/npm/npmrc Completed in 1ms
6 timing config:load:builtin Completed in 2ms
7 timing config:load:cli Completed in 2ms
8 timing config:load:env Completed in 0ms
9 timing config:load:project Completed in 1ms
10 timing config:load:file:/home/node/.npmrc Completed in 0ms
11 timing config:load:user Completed in 0ms
12 timing config:load:file:/usr/local/etc/npmrc Completed in 1ms
13 timing config:load:global Completed in 1ms
14 timing config:load:validate Completed in 0ms
15 timing config:load:credentials Completed in 1ms
16 timing config:load:setEnvs Completed in 1ms
17 timing config:load Completed in 9ms
18 timing npm:load:configload Completed in 9ms
19 timing npm:load:setTitle Completed in 0ms
20 timing config:load:flatten Completed in 3ms
21 timing npm:load:display Completed in 4ms
22 verbose logfile /home/node/.npm/_logs/2022-02-07T12_25_13_595Z-debug-0.log
23 timing npm:load:logFile Completed in 5ms
24 timing npm:load:timers Completed in 0ms
25 timing npm:load:configScope Completed in 0ms
26 timing npm:load Completed in 20ms
27 timing arborist:ctor Completed in 1ms
28 silly logfile start cleaning logs, removing 1 files
29 timing idealTree:init Completed in 19ms
30 timing idealTree:userRequests Completed in 3ms
31 silly idealTree buildDeps
32 silly fetch manifest gray-matter@*
33 timing arborist:ctor Completed in 0ms
34 http fetch GET 200 https://registry.npmjs.org/gray-matter 984ms (cache miss)
35 silly placeDep ROOT gray-matter@4.0.3 OK for:  want: *
36 silly fetch manifest js-yaml@^3.13.1
37 silly fetch manifest kind-of@^6.0.2
38 silly fetch manifest section-matter@^1.0.0
39 silly fetch manifest strip-bom-string@^1.0.0
40 http fetch GET 200 https://registry.npmjs.org/kind-of 63ms (cache miss)
41 http fetch GET 200 https://registry.npmjs.org/js-yaml 193ms (cache revalidated)
42 http fetch GET 200 https://registry.npmjs.org/section-matter 786ms (cache miss)
43 http fetch GET 200 https://registry.npmjs.org/strip-bom-string 787ms (cache miss)
44 timing idealTree:#root Completed in 1787ms
45 silly placeDep ROOT js-yaml@3.14.1 OK for: gray-matter@4.0.3 want: ^3.13.1
46 silly placeDep ROOT kind-of@6.0.3 OK for: gray-matter@4.0.3 want: ^6.0.2
47 silly placeDep ROOT section-matter@1.0.0 OK for: gray-matter@4.0.3 want: ^1.0.0
48 silly placeDep ROOT strip-bom-string@1.0.0 OK for: gray-matter@4.0.3 want: ^1.0.0
49 silly fetch manifest argparse@^1.0.7
50 silly fetch manifest esprima@^4.0.0
51 silly fetch manifest extend-shallow@^2.0.1
52 http fetch GET 200 https://registry.npmjs.org/argparse 62ms (cache revalidated)
53 http fetch GET 200 https://registry.npmjs.org/esprima 64ms (cache miss)
54 http fetch GET 200 https://registry.npmjs.org/extend-shallow 64ms (cache miss)
55 timing idealTree:node_modules/gray-matter Completed in 90ms
56 silly placeDep ROOT argparse@1.0.10 OK for: js-yaml@3.14.1 want: ^1.0.7
57 silly placeDep ROOT esprima@4.0.1 OK for: js-yaml@3.14.1 want: ^4.0.0
58 silly fetch manifest sprintf-js@~1.0.2
59 http fetch GET 200 https://registry.npmjs.org/sprintf-js 60ms (cache miss)
60 timing idealTree:node_modules/js-yaml Completed in 72ms
61 silly placeDep ROOT sprintf-js@1.0.3 OK for: argparse@1.0.10 want: ~1.0.2
62 timing idealTree:node_modules/argparse Completed in 4ms
63 timing idealTree:node_modules/esprima Completed in 0ms
64 timing idealTree:node_modules/kind-of Completed in 0ms
65 silly placeDep ROOT extend-shallow@2.0.1 OK for: section-matter@1.0.0 want: ^2.0.1
66 silly fetch manifest is-extendable@^0.1.0
67 http fetch GET 200 https://registry.npmjs.org/is-extendable 625ms (cache miss)
68 timing idealTree:node_modules/section-matter Completed in 632ms
69 silly placeDep ROOT is-extendable@0.1.1 OK for: extend-shallow@2.0.1 want: ^0.1.0
70 timing idealTree:node_modules/extend-shallow Completed in 3ms
71 timing idealTree:node_modules/is-extendable Completed in 0ms
72 timing idealTree:node_modules/sprintf-js Completed in 0ms
73 timing idealTree:node_modules/strip-bom-string Completed in 0ms
74 timing idealTree:buildDeps Completed in 2594ms
75 timing idealTree:fixDepFlags Completed in 1ms
76 timing idealTree Completed in 2620ms
77 timing reify:loadTrees Completed in 2620ms
78 timing reify:diffTrees Completed in 5ms
79 silly reify moves {}
80 timing reify:retireShallow Completed in 0ms
81 timing reify:createSparse Completed in 4ms
82 timing reify:loadBundles Completed in 0ms
83 silly audit bulk request {
83 silly audit   classnames: [ '2.3.1' ],
83 silly audit   'gray-matter': [ '4.0.3' ],
83 silly audit   'js-yaml': [ '3.14.1' ],
83 silly audit   'kind-of': [ '6.0.3' ],
83 silly audit   'section-matter': [ '1.0.0' ],
83 silly audit   'strip-bom-string': [ '1.0.0' ],
83 silly audit   argparse: [ '1.0.10' ],
83 silly audit   esprima: [ '4.0.1' ],
83 silly audit   'sprintf-js': [ '1.0.3' ],
83 silly audit   'extend-shallow': [ '2.0.1' ],
83 silly audit   'is-extendable': [ '0.1.1' ]
83 silly audit }
84 silly tarball no local data for is-extendable@https://registry.npmjs.org/is-extendable/-/is-extendable-0.1.1.tgz. Extracting by manifest.
85 silly tarball no local data for sprintf-js@https://registry.npmjs.org/sprintf-js/-/sprintf-js-1.0.3.tgz. Extracting by manifest.
86 silly tarball no local data for extend-shallow@https://registry.npmjs.org/extend-shallow/-/extend-shallow-2.0.1.tgz. Extracting by manifest.
87 silly tarball no local data for strip-bom-string@https://registry.npmjs.org/strip-bom-string/-/strip-bom-string-1.0.0.tgz. Extracting by manifest.
88 silly tarball no local data for argparse@https://registry.npmjs.org/argparse/-/argparse-1.0.10.tgz. Extracting by manifest.
89 silly tarball no local data for section-matter@https://registry.npmjs.org/section-matter/-/section-matter-1.0.0.tgz. Extracting by manifest.
90 silly tarball no local data for esprima@https://registry.npmjs.org/esprima/-/esprima-4.0.1.tgz. Extracting by manifest.
91 silly tarball no local data for kind-of@https://registry.npmjs.org/kind-of/-/kind-of-6.0.3.tgz. Extracting by manifest.
92 silly tarball no local data for js-yaml@https://registry.npmjs.org/js-yaml/-/js-yaml-3.14.1.tgz. Extracting by manifest.
93 silly tarball no local data for gray-matter@https://registry.npmjs.org/gray-matter/-/gray-matter-4.0.3.tgz. Extracting by manifest.
94 http fetch GET 200 https://registry.npmjs.org/is-extendable/-/is-extendable-0.1.1.tgz 93ms (cache miss)
95 timing reifyNode:node_modules/is-extendable Completed in 107ms
96 http fetch GET 200 https://registry.npmjs.org/extend-shallow/-/extend-shallow-2.0.1.tgz 114ms (cache miss)
97 timing reifyNode:node_modules/extend-shallow Completed in 136ms
98 http fetch GET 200 https://registry.npmjs.org/sprintf-js/-/sprintf-js-1.0.3.tgz 123ms (cache miss)
99 timing reifyNode:node_modules/sprintf-js Completed in 142ms
100 http fetch POST 200 https://registry.npmjs.org/-/npm/v1/security/advisories/bulk 202ms
101 timing auditReport:getReport Completed in 205ms
102 silly audit report {}
103 timing auditReport:init Completed in 0ms
104 timing reify:audit Completed in 206ms
105 http fetch GET 200 https://registry.npmjs.org/section-matter/-/section-matter-1.0.0.tgz 236ms (cache miss)
106 timing reifyNode:node_modules/section-matter Completed in 271ms
107 http fetch GET 200 https://registry.npmjs.org/strip-bom-string/-/strip-bom-string-1.0.0.tgz 249ms (cache miss)
108 timing reifyNode:node_modules/strip-bom-string Completed in 275ms
109 http fetch GET 200 https://registry.npmjs.org/kind-of/-/kind-of-6.0.3.tgz 240ms (cache miss)
110 timing reifyNode:node_modules/kind-of Completed in 282ms
111 http fetch GET 200 https://registry.npmjs.org/gray-matter/-/gray-matter-4.0.3.tgz 240ms (cache miss)
112 timing reifyNode:node_modules/gray-matter Completed in 287ms
113 http fetch GET 200 https://registry.npmjs.org/esprima/-/esprima-4.0.1.tgz 263ms (cache miss)
114 timing reifyNode:node_modules/esprima Completed in 301ms
115 http fetch GET 200 https://registry.npmjs.org/argparse/-/argparse-1.0.10.tgz 279ms (cache miss)
116 timing reifyNode:node_modules/argparse Completed in 308ms
117 http fetch GET 200 https://registry.npmjs.org/js-yaml/-/js-yaml-3.14.1.tgz 275ms (cache miss)
118 timing reifyNode:node_modules/js-yaml Completed in 319ms
119 timing reify:unpack Completed in 320ms
120 timing reify:unretire Completed in 0ms
121 timing build:queue Completed in 1ms
122 timing build:link:node_modules/js-yaml Completed in 5ms
123 timing build:link:node_modules/esprima Completed in 6ms
124 timing build:link Completed in 6ms
125 timing build:deps Completed in 7ms
126 timing build Completed in 7ms
127 timing reify:build Completed in 8ms
128 timing reify:trash Completed in 0ms
129 timing reify:save Completed in 6ms
130 timing reify Completed in 2989ms
131 silly ADD node_modules/is-extendable
132 silly ADD node_modules/extend-shallow
133 silly ADD node_modules/sprintf-js
134 silly ADD node_modules/esprima
135 silly ADD node_modules/argparse
136 silly ADD node_modules/strip-bom-string
137 silly ADD node_modules/section-matter
138 silly ADD node_modules/kind-of
139 silly ADD node_modules/js-yaml
140 silly ADD node_modules/gray-matter
141 timing command:install Completed in 2995ms
142 verbose exit 0
143 timing npm Completed in 3273ms
144 info ok
