0 verbose cli [
0 verbose cli   '/usr/local/bin/node',
0 verbose cli   '/usr/local/bin/npm',
0 verbose cli   'install',
0 verbose cli   'classnames'
0 verbose cli ]
1 info using npm@8.3.0
2 info using node@v17.3.1
3 timing npm:load:whichnode Completed in 1ms
4 timing config:load:defaults Completed in 2ms
5 timing config:load:file:/usr/local/lib/node_modules/npm/npmrc Completed in 1ms
6 timing config:load:builtin Completed in 1ms
7 timing config:load:cli Completed in 1ms
8 timing config:load:env Completed in 1ms
9 timing config:load:project Completed in 1ms
10 timing config:load:file:/home/node/.npmrc Completed in 0ms
11 timing config:load:user Completed in 0ms
12 timing config:load:file:/usr/local/etc/npmrc Completed in 1ms
13 timing config:load:global Completed in 1ms
14 timing config:load:validate Completed in 0ms
15 timing config:load:credentials Completed in 1ms
16 timing config:load:setEnvs Completed in 1ms
17 timing config:load Completed in 9ms
18 timing npm:load:configload Completed in 9ms
19 timing npm:load:setTitle Completed in 1ms
20 timing config:load:flatten Completed in 6ms
21 timing npm:load:display Completed in 8ms
22 verbose logfile /home/node/.npm/_logs/2022-01-31T18_24_13_960Z-debug-0.log
23 timing npm:load:logFile Completed in 6ms
24 timing npm:load:timers Completed in 0ms
25 timing npm:load:configScope Completed in 0ms
26 timing npm:load Completed in 26ms
27 timing arborist:ctor Completed in 0ms
28 timing arborist:ctor Completed in 0ms
29 timing idealTree:init Completed in 12ms
30 timing idealTree:userRequests Completed in 2ms
31 silly idealTree buildDeps
32 silly fetch manifest classnames@*
33 http fetch GET 200 https://registry.npmjs.org/classnames 949ms (cache miss)
34 silly placeDep ROOT classnames@2.3.1 OK for:  want: *
35 timing idealTree:#root Completed in 961ms
36 timing idealTree:node_modules/classnames Completed in 0ms
37 timing idealTree:buildDeps Completed in 962ms
38 timing idealTree:fixDepFlags Completed in 1ms
39 timing idealTree Completed in 978ms
40 timing reify:loadTrees Completed in 978ms
41 timing reify:diffTrees Completed in 1ms
42 silly reify moves {}
43 timing reify:retireShallow Completed in 1ms
44 timing reify:createSparse Completed in 1ms
45 timing reify:loadBundles Completed in 0ms
46 silly audit bulk request { classnames: [ '2.3.1' ] }
47 silly tarball no local data for classnames@https://registry.npmjs.org/classnames/-/classnames-2.3.1.tgz. Extracting by manifest.
48 http fetch GET 200 https://registry.npmjs.org/classnames/-/classnames-2.3.1.tgz 171ms (cache miss)
49 timing reifyNode:node_modules/classnames Completed in 180ms
50 timing reify:unpack Completed in 180ms
51 timing reify:unretire Completed in 0ms
52 timing build:queue Completed in 1ms
53 timing build:deps Completed in 1ms
54 timing build Completed in 1ms
55 timing reify:build Completed in 1ms
56 timing reify:trash Completed in 0ms
57 timing reify:save Completed in 4ms
58 http fetch POST 200 https://registry.npmjs.org/-/npm/v1/security/advisories/bulk 575ms
59 timing auditReport:getReport Completed in 576ms
60 silly audit report {}
61 timing auditReport:init Completed in 0ms
62 timing reify:audit Completed in 578ms
63 timing reify Completed in 1565ms
64 silly ADD node_modules/classnames
65 timing command:install Completed in 1572ms
66 verbose exit 0
67 timing npm Completed in 1819ms
68 info ok
