0 verbose cli [ '/usr/local/bin/node', '/usr/local/bin/npm', 'update' ]
1 info using npm@8.3.0
2 info using node@v17.3.1
3 timing npm:load:whichnode Completed in 0ms
4 timing config:load:defaults Completed in 1ms
5 timing config:load:file:/usr/local/lib/node_modules/npm/npmrc Completed in 2ms
6 timing config:load:builtin Completed in 2ms
7 timing config:load:cli Completed in 2ms
8 timing config:load:env Completed in 0ms
9 timing config:load:project Completed in 1ms
10 timing config:load:file:/home/node/.npmrc Completed in 1ms
11 timing config:load:user Completed in 1ms
12 timing config:load:file:/usr/local/etc/npmrc Completed in 2ms
13 timing config:load:global Completed in 2ms
14 timing config:load:validate Completed in 0ms
15 timing config:load:credentials Completed in 2ms
16 timing config:load:setEnvs Completed in 1ms
17 timing config:load Completed in 12ms
18 timing npm:load:configload Completed in 12ms
19 timing npm:load:setTitle Completed in 0ms
20 timing config:load:flatten Completed in 3ms
21 timing npm:load:display Completed in 4ms
22 verbose logfile /home/node/.npm/_logs/2022-02-07T12_36_22_588Z-debug-0.log
23 timing npm:load:logFile Completed in 5ms
24 timing npm:load:timers Completed in 0ms
25 timing npm:load:configScope Completed in 0ms
26 timing npm:load Completed in 22ms
27 timing arborist:ctor Completed in 1ms
28 silly logfile start cleaning logs, removing 1 files
29 timing idealTree:init Completed in 9ms
30 timing idealTree:userRequests Completed in 0ms
31 silly idealTree buildDeps
32 silly fetch manifest classnames@^2.3.1
33 timing arborist:ctor Completed in 0ms
34 http fetch GET 200 https://registry.npmjs.org/classnames 382ms (cache revalidated)
35 silly fetch manifest gray-matter@^4.0.3
36 http fetch GET 200 https://registry.npmjs.org/gray-matter 52ms (cache revalidated)
37 silly placeDep ROOT classnames@2.3.1 OK for:  want: ^2.3.1
38 silly placeDep ROOT gray-matter@4.0.3 OK for:  want: ^4.0.3
39 silly fetch manifest js-yaml@^3.13.1
40 silly fetch manifest kind-of@^6.0.2
41 silly fetch manifest section-matter@^1.0.0
42 silly fetch manifest strip-bom-string@^1.0.0
43 http fetch GET 200 https://registry.npmjs.org/kind-of 100ms (cache revalidated)
44 http fetch GET 200 https://registry.npmjs.org/js-yaml 171ms (cache revalidated)
45 http fetch GET 200 https://registry.npmjs.org/strip-bom-string 187ms (cache revalidated)
46 http fetch GET 200 https://registry.npmjs.org/section-matter 191ms (cache revalidated)
47 timing idealTree:#root Completed in 651ms
48 timing idealTree:node_modules/classnames Completed in 0ms
49 silly placeDep ROOT js-yaml@3.14.1 OK for: gray-matter@4.0.3 want: ^3.13.1
50 silly placeDep ROOT kind-of@6.0.3 OK for: gray-matter@4.0.3 want: ^6.0.2
51 silly placeDep ROOT section-matter@1.0.0 OK for: gray-matter@4.0.3 want: ^1.0.0
52 silly placeDep ROOT strip-bom-string@1.0.0 OK for: gray-matter@4.0.3 want: ^1.0.0
53 silly fetch manifest argparse@^1.0.7
54 silly fetch manifest esprima@^4.0.0
55 silly fetch manifest extend-shallow@^2.0.1
56 http fetch GET 200 https://registry.npmjs.org/extend-shallow 60ms (cache revalidated)
57 http fetch GET 200 https://registry.npmjs.org/argparse 65ms (cache revalidated)
58 http fetch GET 200 https://registry.npmjs.org/esprima 74ms (cache revalidated)
59 timing idealTree:node_modules/gray-matter Completed in 87ms
60 silly placeDep ROOT argparse@1.0.10 OK for: js-yaml@3.14.1 want: ^1.0.7
61 silly placeDep ROOT esprima@4.0.1 OK for: js-yaml@3.14.1 want: ^4.0.0
62 silly fetch manifest sprintf-js@~1.0.2
63 http fetch GET 200 https://registry.npmjs.org/sprintf-js 662ms (cache revalidated)
64 timing idealTree:node_modules/js-yaml Completed in 673ms
65 silly placeDep ROOT sprintf-js@1.0.3 OK for: argparse@1.0.10 want: ~1.0.2
66 timing idealTree:node_modules/argparse Completed in 2ms
67 timing idealTree:node_modules/esprima Completed in 0ms
68 timing idealTree:node_modules/kind-of Completed in 0ms
69 silly placeDep ROOT extend-shallow@2.0.1 OK for: section-matter@1.0.0 want: ^2.0.1
70 silly fetch manifest is-extendable@^0.1.0
71 http fetch GET 200 https://registry.npmjs.org/is-extendable 69ms (cache revalidated)
72 timing idealTree:node_modules/section-matter Completed in 78ms
73 silly placeDep ROOT is-extendable@0.1.1 OK for: extend-shallow@2.0.1 want: ^0.1.0
74 timing idealTree:node_modules/extend-shallow Completed in 6ms
75 timing idealTree:node_modules/is-extendable Completed in 0ms
76 timing idealTree:node_modules/sprintf-js Completed in 1ms
77 timing idealTree:node_modules/strip-bom-string Completed in 0ms
78 timing idealTree:buildDeps Completed in 1502ms
79 timing idealTree:fixDepFlags Completed in 3ms
80 timing idealTree Completed in 1517ms
81 timing reify:loadTrees Completed in 1518ms
82 timing reify:diffTrees Completed in 4ms
83 silly reify moves {}
84 timing reify:retireShallow Completed in 0ms
85 timing reify:createSparse Completed in 1ms
86 timing reify:loadBundles Completed in 0ms
87 silly audit bulk request {
87 silly audit   classnames: [ '2.3.1' ],
87 silly audit   'gray-matter': [ '4.0.3' ],
87 silly audit   'js-yaml': [ '3.14.1' ],
87 silly audit   'kind-of': [ '6.0.3' ],
87 silly audit   'section-matter': [ '1.0.0' ],
87 silly audit   'strip-bom-string': [ '1.0.0' ],
87 silly audit   argparse: [ '1.0.10' ],
87 silly audit   esprima: [ '4.0.1' ],
87 silly audit   'sprintf-js': [ '1.0.3' ],
87 silly audit   'extend-shallow': [ '2.0.1' ],
87 silly audit   'is-extendable': [ '0.1.1' ]
87 silly audit }
88 timing reify:unpack Completed in 1ms
89 timing reify:unretire Completed in 0ms
90 timing build:queue Completed in 0ms
91 timing build:deps Completed in 0ms
92 timing build Completed in 0ms
93 timing reify:build Completed in 1ms
94 timing reify:trash Completed in 0ms
95 timing reify:save Completed in 6ms
96 http fetch POST 200 https://registry.npmjs.org/-/npm/v1/security/advisories/bulk 224ms
97 timing auditReport:getReport Completed in 227ms
98 silly audit report {}
99 timing auditReport:init Completed in 0ms
100 timing reify:audit Completed in 229ms
101 timing reify Completed in 1763ms
102 timing command:update Completed in 1775ms
103 verbose exit 0
104 timing npm Completed in 2024ms
105 info ok
