0 verbose cli [
0 verbose cli   '/usr/local/bin/node',
0 verbose cli   '/usr/local/lib/node_modules/npm/bin/npm-cli.js',
0 verbose cli   'exec',
0 verbose cli   '--',
0 verbose cli   'create-next-app',
0 verbose cli   'nextjs-tsx',
0 verbose cli   '--ts'
0 verbose cli ]
1 info using npm@8.3.0
2 info using node@v17.3.1
3 timing npm:load:whichnode Completed in 0ms
4 timing config:load:defaults Completed in 1ms
5 timing config:load:file:/usr/local/lib/node_modules/npm/npmrc Completed in 1ms
6 timing config:load:builtin Completed in 1ms
7 timing config:load:cli Completed in 2ms
8 timing config:load:env Completed in 0ms
9 timing config:load:project Completed in 1ms
10 timing config:load:file:/home/node/.npmrc Completed in 0ms
11 timing config:load:user Completed in 0ms
12 timing config:load:file:/usr/local/etc/npmrc Completed in 0ms
13 timing config:load:global Completed in 0ms
14 timing config:load:validate Completed in 0ms
15 timing config:load:credentials Completed in 1ms
16 timing config:load:setEnvs Completed in 1ms
17 timing config:load Completed in 8ms
18 timing npm:load:configload Completed in 8ms
19 timing npm:load:setTitle Completed in 0ms
20 timing config:load:flatten Completed in 3ms
21 timing npm:load:display Completed in 5ms
22 verbose logfile /home/node/.npm/_logs/2022-01-28T19_11_47_056Z-debug-0.log
23 timing npm:load:logFile Completed in 5ms
24 timing npm:load:timers Completed in 0ms
25 timing npm:load:configScope Completed in 0ms
26 timing npm:load Completed in 19ms
27 http fetch GET 200 https://registry.npmjs.org/create-next-app 883ms (cache miss)
28 timing arborist:ctor Completed in 1ms
29 timing arborist:ctor Completed in 0ms
30 timing arborist:ctor Completed in 0ms
31 timing idealTree:init Completed in 12ms
32 timing idealTree:userRequests Completed in 2ms
33 silly idealTree buildDeps
34 silly fetch manifest create-next-app@*
35 http fetch GET 200 https://registry.npmjs.org/create-next-app 14ms (cache hit)
36 silly placeDep ROOT create-next-app@12.0.9 OK for:  want: *
37 timing idealTree:#root Completed in 31ms
38 timing idealTree:node_modules/create-next-app Completed in 0ms
39 timing idealTree:buildDeps Completed in 33ms
40 timing idealTree:fixDepFlags Completed in 0ms
41 timing idealTree Completed in 48ms
42 timing reify:loadTrees Completed in 49ms
43 timing reify:diffTrees Completed in 1ms
44 silly reify moves {}
45 timing reify:retireShallow Completed in 0ms
46 timing reify:createSparse Completed in 2ms
47 timing reify:loadBundles Completed in 0ms
48 silly audit bulk request { 'create-next-app': [ '12.0.9' ] }
49 silly tarball no local data for create-next-app@https://registry.npmjs.org/create-next-app/-/create-next-app-12.0.9.tgz. Extracting by manifest.
50 http fetch GET 200 https://registry.npmjs.org/create-next-app/-/create-next-app-12.0.9.tgz 85ms (cache miss)
51 timing reifyNode:node_modules/create-next-app Completed in 92ms
52 timing reify:unpack Completed in 93ms
53 timing reify:unretire Completed in 0ms
54 timing build:queue Completed in 4ms
55 timing build:link:node_modules/create-next-app Completed in 2ms
56 timing build:link Completed in 3ms
57 timing build:deps Completed in 8ms
58 timing build Completed in 8ms
59 timing reify:build Completed in 8ms
60 timing reify:trash Completed in 0ms
61 timing reify:save Completed in 4ms
62 http fetch POST 200 https://registry.npmjs.org/-/npm/v1/security/advisories/bulk 203ms
63 timing auditReport:getReport Completed in 205ms
64 silly audit report {}
65 timing auditReport:init Completed in 0ms
66 timing reify:audit Completed in 207ms
67 timing reify Completed in 264ms
68 timing command:exec Completed in 35217ms
69 notice
69 notice New [33mminor[39m version of npm available! [31m8.3.0[39m -> [32m8.4.0[39m
69 notice Changelog: [36mhttps://github.com/npm/cli/releases/tag/v8.4.0[39m
69 notice Run [32mnpm install -g npm@8.4.0[39m to update!
69 notice
70 verbose exit 0
71 timing npm Completed in 35423ms
72 info ok
