0 verbose cli [
0 verbose cli   '/usr/local/bin/node',
0 verbose cli   '/usr/local/bin/npm',
0 verbose cli   'install',
0 verbose cli   '--save-exact',
0 verbose cli   '--save',
0 verbose cli   'react',
0 verbose cli   'react-dom',
0 verbose cli   'next'
0 verbose cli ]
1 info using npm@8.3.0
2 info using node@v17.3.1
3 timing npm:load:whichnode Completed in 1ms
4 timing config:load:defaults Completed in 2ms
5 timing config:load:file:/usr/local/lib/node_modules/npm/npmrc Completed in 0ms
6 timing config:load:builtin Completed in 1ms
7 timing config:load:cli Completed in 3ms
8 timing config:load:env Completed in 1ms
9 timing config:load:file:/home/node/nextjs-tsx/.npmrc Completed in 0ms
10 timing config:load:project Completed in 2ms
11 timing config:load:file:/home/node/.npmrc Completed in 0ms
12 timing config:load:user Completed in 0ms
13 timing config:load:file:/usr/local/etc/npmrc Completed in 0ms
14 timing config:load:global Completed in 0ms
15 timing config:load:validate Completed in 1ms
16 timing config:load:credentials Completed in 2ms
17 timing config:load:setEnvs Completed in 1ms
18 timing config:load Completed in 14ms
19 timing npm:load:configload Completed in 14ms
20 timing npm:load:setTitle Completed in 1ms
21 timing config:load:flatten Completed in 4ms
22 timing npm:load:display Completed in 6ms
23 verbose logfile /home/node/.npm/_logs/2022-01-28T19_11_53_489Z-debug-0.log
24 timing npm:load:logFile Completed in 7ms
25 timing npm:load:timers Completed in 1ms
26 timing npm:load:configScope Completed in 0ms
27 timing npm:load Completed in 30ms
28 timing arborist:ctor Completed in 2ms
29 timing arborist:ctor Completed in 0ms
30 timing idealTree:init Completed in 17ms
31 timing idealTree:userRequests Completed in 3ms
32 silly idealTree buildDeps
33 silly fetch manifest react@*
34 http fetch GET 200 https://registry.npmjs.org/react 445ms (cache miss)
35 silly fetch manifest react-dom@*
36 http fetch GET 200 https://registry.npmjs.org/react-dom 100ms (cache miss)
37 silly fetch manifest next@*
38 http fetch GET 200 https://registry.npmjs.org/next 900ms (cache miss)
39 silly fetch manifest fibers@>= 3.1.0
40 http fetch GET 200 https://registry.npmjs.org/fibers 59ms (cache miss)
41 silly fetch manifest node-sass@^4.0.0 || ^5.0.0 || ^6.0.0
42 http fetch GET 200 https://registry.npmjs.org/node-sass 47ms (cache miss)
43 silly fetch manifest sass@^1.3.0
44 http fetch GET 200 https://registry.npmjs.org/sass 617ms (cache miss)
45 silly placeDep ROOT next@12.0.9 OK for:  want: *
46 silly placeDep ROOT react@17.0.2 OK for: next@12.0.9 want: ^17.0.2 || ^18.0.0-0
47 silly placeDep ROOT react-dom@17.0.2 OK for: next@12.0.9 want: ^17.0.2 || ^18.0.0-0
48 silly placeDep ROOT react@17.0.2 REPLACE for:  want: *
49 silly placeDep ROOT react-dom@17.0.2 REPLACE for:  want: *
50 silly fetch manifest @next/env@12.0.9
51 silly fetch manifest caniuse-lite@^1.0.30001283
52 silly fetch manifest postcss@8.4.5
53 silly fetch manifest styled-jsx@5.0.0
54 silly fetch manifest use-subscription@1.5.1
55 silly fetch manifest @next/swc-android-arm64@12.0.9
56 silly fetch manifest @next/swc-darwin-arm64@12.0.9
57 silly fetch manifest @next/swc-darwin-x64@12.0.9
58 silly fetch manifest @next/swc-linux-arm-gnueabihf@12.0.9
59 silly fetch manifest @next/swc-linux-arm64-gnu@12.0.9
60 silly fetch manifest @next/swc-linux-arm64-musl@12.0.9
61 silly fetch manifest @next/swc-linux-x64-gnu@12.0.9
62 silly fetch manifest @next/swc-linux-x64-musl@12.0.9
63 silly fetch manifest @next/swc-win32-arm64-msvc@12.0.9
64 silly fetch manifest @next/swc-win32-ia32-msvc@12.0.9
65 silly fetch manifest @next/swc-win32-x64-msvc@12.0.9
66 silly fetch manifest react@17.0.2
67 silly fetch manifest loose-envify@^1.1.0
68 silly fetch manifest object-assign@^4.1.1
69 silly fetch manifest scheduler@^0.20.2
70 http fetch GET 200 https://registry.npmjs.org/@next%2fswc-win32-arm64-msvc 255ms (cache miss)
71 http fetch GET 200 https://registry.npmjs.org/@next%2fswc-linux-arm64-musl 257ms (cache miss)
72 http fetch GET 200 https://registry.npmjs.org/styled-jsx 262ms (cache miss)
73 http fetch GET 200 https://registry.npmjs.org/postcss 269ms (cache miss)
74 http fetch GET 200 https://registry.npmjs.org/loose-envify 287ms (cache miss)
75 http fetch GET 200 https://registry.npmjs.org/object-assign 292ms (cache miss)
76 http fetch GET 200 https://registry.npmjs.org/caniuse-lite 313ms (cache miss)
77 http fetch GET 200 https://registry.npmjs.org/scheduler 366ms (cache miss)
78 http fetch GET 200 https://registry.npmjs.org/@next%2fswc-win32-ia32-msvc 390ms (cache miss)
79 http fetch GET 200 https://registry.npmjs.org/@next%2fswc-linux-x64-gnu 437ms (cache miss)
80 http fetch GET 200 https://registry.npmjs.org/@next%2fswc-linux-x64-musl 524ms (cache miss)
81 http fetch GET 200 https://registry.npmjs.org/use-subscription 931ms (cache miss)
82 http fetch GET 200 https://registry.npmjs.org/@next%2fenv 1410ms (cache miss)
83 http fetch GET 200 https://registry.npmjs.org/@next%2fswc-android-arm64 1528ms (cache miss)
84 http fetch GET 200 https://registry.npmjs.org/@next%2fswc-darwin-arm64 1542ms (cache miss)
85 http fetch GET 200 https://registry.npmjs.org/@next%2fswc-darwin-x64 1551ms (cache miss)
86 http fetch GET 200 https://registry.npmjs.org/@next%2fswc-linux-arm-gnueabihf 1552ms (cache miss)
87 http fetch GET 200 https://registry.npmjs.org/@next%2fswc-linux-arm64-gnu 1556ms (cache miss)
88 http fetch GET 200 https://registry.npmjs.org/@next%2fswc-win32-x64-msvc 1555ms (cache miss)
89 timing idealTree:#root Completed in 3902ms
90 silly fetch manifest react@^17.0.2 || ^18.0.0-0
91 silly placeDep ROOT @next/env@12.0.9 OK for: next@12.0.9 want: 12.0.9
92 silly placeDep ROOT @next/swc-android-arm64@12.0.9 OK for: next@12.0.9 want: 12.0.9
93 silly placeDep ROOT @next/swc-darwin-arm64@12.0.9 OK for: next@12.0.9 want: 12.0.9
94 silly placeDep ROOT @next/swc-darwin-x64@12.0.9 OK for: next@12.0.9 want: 12.0.9
95 silly placeDep ROOT @next/swc-linux-arm-gnueabihf@12.0.9 OK for: next@12.0.9 want: 12.0.9
96 silly placeDep ROOT @next/swc-linux-arm64-gnu@12.0.9 OK for: next@12.0.9 want: 12.0.9
97 silly placeDep ROOT @next/swc-linux-arm64-musl@12.0.9 OK for: next@12.0.9 want: 12.0.9
98 silly placeDep ROOT @next/swc-linux-x64-gnu@12.0.9 OK for: next@12.0.9 want: 12.0.9
99 silly placeDep ROOT @next/swc-linux-x64-musl@12.0.9 OK for: next@12.0.9 want: 12.0.9
100 silly placeDep ROOT @next/swc-win32-arm64-msvc@12.0.9 OK for: next@12.0.9 want: 12.0.9
101 silly placeDep ROOT @next/swc-win32-ia32-msvc@12.0.9 OK for: next@12.0.9 want: 12.0.9
102 silly placeDep ROOT @next/swc-win32-x64-msvc@12.0.9 OK for: next@12.0.9 want: 12.0.9
103 silly placeDep ROOT caniuse-lite@1.0.30001303 OK for: next@12.0.9 want: ^1.0.30001283
104 silly placeDep ROOT postcss@8.4.5 OK for: next@12.0.9 want: 8.4.5
105 silly placeDep ROOT styled-jsx@5.0.0 OK for: next@12.0.9 want: 5.0.0
106 silly placeDep ROOT use-subscription@1.5.1 OK for: next@12.0.9 want: 1.5.1
107 silly fetch manifest nanoid@^3.1.30
108 silly fetch manifest picocolors@^1.0.0
109 silly fetch manifest source-map-js@^1.0.1
110 http fetch GET 200 https://registry.npmjs.org/picocolors 69ms (cache miss)
111 http fetch GET 200 https://registry.npmjs.org/source-map-js 70ms (cache miss)
112 http fetch GET 200 https://registry.npmjs.org/nanoid 77ms (cache miss)
113 timing idealTree:node_modules/next Completed in 101ms
114 timing idealTree:node_modules/@next/env Completed in 0ms
115 timing idealTree:node_modules/@next/swc-android-arm64 Completed in 0ms
116 timing idealTree:node_modules/@next/swc-darwin-arm64 Completed in 0ms
117 timing idealTree:node_modules/@next/swc-darwin-x64 Completed in 0ms
118 timing idealTree:node_modules/@next/swc-linux-arm-gnueabihf Completed in 0ms
119 timing idealTree:node_modules/@next/swc-linux-arm64-gnu Completed in 0ms
120 timing idealTree:node_modules/@next/swc-linux-arm64-musl Completed in 0ms
121 timing idealTree:node_modules/@next/swc-linux-x64-gnu Completed in 0ms
122 timing idealTree:node_modules/@next/swc-linux-x64-musl Completed in 0ms
123 timing idealTree:node_modules/@next/swc-win32-arm64-msvc Completed in 0ms
124 timing idealTree:node_modules/@next/swc-win32-ia32-msvc Completed in 0ms
125 timing idealTree:node_modules/@next/swc-win32-x64-msvc Completed in 0ms
126 timing idealTree:node_modules/caniuse-lite Completed in 0ms
127 silly placeDep ROOT nanoid@3.2.0 OK for: postcss@8.4.5 want: ^3.1.30
128 silly placeDep ROOT picocolors@1.0.0 OK for: postcss@8.4.5 want: ^1.0.0
129 silly placeDep ROOT source-map-js@1.0.2 OK for: postcss@8.4.5 want: ^1.0.1
130 timing idealTree:node_modules/postcss Completed in 5ms
131 timing idealTree:node_modules/nanoid Completed in 0ms
132 timing idealTree:node_modules/picocolors Completed in 0ms
133 silly placeDep ROOT loose-envify@1.4.0 OK for: react@17.0.2 want: ^1.1.0
134 silly placeDep ROOT object-assign@4.1.1 OK for: react@17.0.2 want: ^4.1.1
135 silly fetch manifest js-tokens@^3.0.0 || ^4.0.0
136 http fetch GET 200 https://registry.npmjs.org/js-tokens 51ms (cache miss)
137 timing idealTree:node_modules/react Completed in 57ms
138 silly placeDep ROOT js-tokens@4.0.0 OK for: loose-envify@1.4.0 want: ^3.0.0 || ^4.0.0
139 timing idealTree:node_modules/loose-envify Completed in 2ms
140 timing idealTree:node_modules/js-tokens Completed in 0ms
141 timing idealTree:node_modules/object-assign Completed in 0ms
142 silly placeDep ROOT scheduler@0.20.2 OK for: react-dom@17.0.2 want: ^0.20.2
143 timing idealTree:node_modules/react-dom Completed in 1ms
144 timing idealTree:node_modules/scheduler Completed in 0ms
145 timing idealTree:node_modules/source-map-js Completed in 0ms
146 timing idealTree:node_modules/styled-jsx Completed in 0ms
147 timing idealTree:node_modules/use-subscription Completed in 0ms
148 timing idealTree:buildDeps Completed in 4073ms
149 timing idealTree:fixDepFlags Completed in 1ms
150 timing idealTree Completed in 4096ms
151 timing reify:loadTrees Completed in 4097ms
152 timing reify:diffTrees Completed in 3ms
153 silly reify moves {}
154 timing reify:retireShallow Completed in 0ms
155 timing reify:createSparse Completed in 7ms
156 timing reify:loadBundles Completed in 0ms
157 silly audit bulk request {
157 silly audit   next: [ '12.0.9' ],
157 silly audit   react: [ '17.0.2' ],
157 silly audit   'react-dom': [ '17.0.2' ],
157 silly audit   '@next/env': [ '12.0.9' ],
157 silly audit   '@next/swc-android-arm64': [ '12.0.9' ],
157 silly audit   '@next/swc-darwin-arm64': [ '12.0.9' ],
157 silly audit   '@next/swc-darwin-x64': [ '12.0.9' ],
157 silly audit   '@next/swc-linux-arm-gnueabihf': [ '12.0.9' ],
157 silly audit   '@next/swc-linux-arm64-gnu': [ '12.0.9' ],
157 silly audit   '@next/swc-linux-arm64-musl': [ '12.0.9' ],
157 silly audit   '@next/swc-linux-x64-gnu': [ '12.0.9' ],
157 silly audit   '@next/swc-linux-x64-musl': [ '12.0.9' ],
157 silly audit   '@next/swc-win32-arm64-msvc': [ '12.0.9' ],
157 silly audit   '@next/swc-win32-ia32-msvc': [ '12.0.9' ],
157 silly audit   '@next/swc-win32-x64-msvc': [ '12.0.9' ],
157 silly audit   'caniuse-lite': [ '1.0.30001303' ],
157 silly audit   postcss: [ '8.4.5' ],
157 silly audit   'styled-jsx': [ '5.0.0' ],
157 silly audit   'use-subscription': [ '1.5.1' ],
157 silly audit   nanoid: [ '3.2.0' ],
157 silly audit   picocolors: [ '1.0.0' ],
157 silly audit   'source-map-js': [ '1.0.2' ],
157 silly audit   'loose-envify': [ '1.4.0' ],
157 silly audit   'object-assign': [ '4.1.1' ],
157 silly audit   'js-tokens': [ '4.0.0' ],
157 silly audit   scheduler: [ '0.20.2' ]
157 silly audit }
158 verbose reify failed optional dependency /home/node/nextjs-tsx/node_modules/@next/swc-win32-x64-msvc
159 silly reify mark deleted [ '/home/node/nextjs-tsx/node_modules/@next/swc-win32-x64-msvc' ]
160 verbose reify failed optional dependency /home/node/nextjs-tsx/node_modules/@next/swc-win32-ia32-msvc
161 silly reify mark deleted [ '/home/node/nextjs-tsx/node_modules/@next/swc-win32-ia32-msvc' ]
162 verbose reify failed optional dependency /home/node/nextjs-tsx/node_modules/@next/swc-win32-arm64-msvc
163 silly reify mark deleted [ '/home/node/nextjs-tsx/node_modules/@next/swc-win32-arm64-msvc' ]
164 verbose reify failed optional dependency /home/node/nextjs-tsx/node_modules/@next/swc-linux-arm64-musl
165 silly reify mark deleted [ '/home/node/nextjs-tsx/node_modules/@next/swc-linux-arm64-musl' ]
166 verbose reify failed optional dependency /home/node/nextjs-tsx/node_modules/@next/swc-linux-arm64-gnu
167 silly reify mark deleted [ '/home/node/nextjs-tsx/node_modules/@next/swc-linux-arm64-gnu' ]
168 verbose reify failed optional dependency /home/node/nextjs-tsx/node_modules/@next/swc-linux-arm-gnueabihf
169 silly reify mark deleted [ '/home/node/nextjs-tsx/node_modules/@next/swc-linux-arm-gnueabihf' ]
170 verbose reify failed optional dependency /home/node/nextjs-tsx/node_modules/@next/swc-darwin-x64
171 silly reify mark deleted [ '/home/node/nextjs-tsx/node_modules/@next/swc-darwin-x64' ]
172 verbose reify failed optional dependency /home/node/nextjs-tsx/node_modules/@next/swc-darwin-arm64
173 silly reify mark deleted [ '/home/node/nextjs-tsx/node_modules/@next/swc-darwin-arm64' ]
174 verbose reify failed optional dependency /home/node/nextjs-tsx/node_modules/@next/swc-android-arm64
175 silly reify mark deleted [ '/home/node/nextjs-tsx/node_modules/@next/swc-android-arm64' ]
176 timing reifyNode:node_modules/@next/swc-win32-x64-msvc Completed in 10ms
177 timing reifyNode:node_modules/@next/swc-win32-ia32-msvc Completed in 10ms
178 timing reifyNode:node_modules/@next/swc-win32-arm64-msvc Completed in 9ms
179 timing reifyNode:node_modules/@next/swc-linux-arm64-musl Completed in 9ms
180 timing reifyNode:node_modules/@next/swc-linux-arm64-gnu Completed in 10ms
181 timing reifyNode:node_modules/@next/swc-linux-arm-gnueabihf Completed in 10ms
182 timing reifyNode:node_modules/@next/swc-darwin-x64 Completed in 10ms
183 timing reifyNode:node_modules/@next/swc-darwin-arm64 Completed in 10ms
184 timing reifyNode:node_modules/@next/swc-android-arm64 Completed in 10ms
185 silly tarball no local data for scheduler@https://registry.npmjs.org/scheduler/-/scheduler-0.20.2.tgz. Extracting by manifest.
186 silly tarball no local data for js-tokens@https://registry.npmjs.org/js-tokens/-/js-tokens-4.0.0.tgz. Extracting by manifest.
187 silly tarball no local data for loose-envify@https://registry.npmjs.org/loose-envify/-/loose-envify-1.4.0.tgz. Extracting by manifest.
188 silly tarball no local data for object-assign@https://registry.npmjs.org/object-assign/-/object-assign-4.1.1.tgz. Extracting by manifest.
189 silly tarball no local data for source-map-js@https://registry.npmjs.org/source-map-js/-/source-map-js-1.0.2.tgz. Extracting by manifest.
190 silly tarball no local data for nanoid@https://registry.npmjs.org/nanoid/-/nanoid-3.2.0.tgz. Extracting by manifest.
191 silly tarball no local data for picocolors@https://registry.npmjs.org/picocolors/-/picocolors-1.0.0.tgz. Extracting by manifest.
192 silly tarball no local data for use-subscription@https://registry.npmjs.org/use-subscription/-/use-subscription-1.5.1.tgz. Extracting by manifest.
193 silly tarball no local data for styled-jsx@https://registry.npmjs.org/styled-jsx/-/styled-jsx-5.0.0.tgz. Extracting by manifest.
194 silly tarball no local data for postcss@https://registry.npmjs.org/postcss/-/postcss-8.4.5.tgz. Extracting by manifest.
195 silly tarball no local data for @next/swc-linux-x64-musl@https://registry.npmjs.org/@next/swc-linux-x64-musl/-/swc-linux-x64-musl-12.0.9.tgz. Extracting by manifest.
196 silly tarball no local data for caniuse-lite@https://registry.npmjs.org/caniuse-lite/-/caniuse-lite-1.0.30001303.tgz. Extracting by manifest.
197 silly tarball no local data for @next/env@https://registry.npmjs.org/@next/env/-/env-12.0.9.tgz. Extracting by manifest.
198 silly tarball no local data for @next/swc-linux-x64-gnu@https://registry.npmjs.org/@next/swc-linux-x64-gnu/-/swc-linux-x64-gnu-12.0.9.tgz. Extracting by manifest.
199 silly tarball no local data for react-dom@https://registry.npmjs.org/react-dom/-/react-dom-17.0.2.tgz. Extracting by manifest.
200 silly tarball no local data for react@https://registry.npmjs.org/react/-/react-17.0.2.tgz. Extracting by manifest.
201 silly tarball no local data for next@https://registry.npmjs.org/next/-/next-12.0.9.tgz. Extracting by manifest.
202 http fetch GET 200 https://registry.npmjs.org/nanoid/-/nanoid-3.2.0.tgz 205ms (cache miss)
203 http fetch GET 200 https://registry.npmjs.org/loose-envify/-/loose-envify-1.4.0.tgz 224ms (cache miss)
204 timing reifyNode:node_modules/loose-envify Completed in 254ms
205 http fetch GET 200 https://registry.npmjs.org/js-tokens/-/js-tokens-4.0.0.tgz 233ms (cache miss)
206 timing reifyNode:node_modules/js-tokens Completed in 259ms
207 http fetch GET 200 https://registry.npmjs.org/picocolors/-/picocolors-1.0.0.tgz 220ms (cache miss)
208 timing reifyNode:node_modules/picocolors Completed in 263ms
209 http fetch GET 200 https://registry.npmjs.org/@next/env/-/env-12.0.9.tgz 203ms (cache miss)
210 timing reifyNode:node_modules/@next/env Completed in 272ms
211 http fetch GET 200 https://registry.npmjs.org/object-assign/-/object-assign-4.1.1.tgz 248ms (cache miss)
212 timing reifyNode:node_modules/object-assign Completed in 280ms
213 http fetch GET 200 https://registry.npmjs.org/use-subscription/-/use-subscription-1.5.1.tgz 246ms (cache miss)
214 timing reifyNode:node_modules/use-subscription Completed in 295ms
215 timing reifyNode:node_modules/nanoid Completed in 302ms
216 http fetch GET 200 https://registry.npmjs.org/scheduler/-/scheduler-0.20.2.tgz 296ms (cache miss)
217 timing reifyNode:node_modules/scheduler Completed in 319ms
218 http fetch GET 200 https://registry.npmjs.org/source-map-js/-/source-map-js-1.0.2.tgz 291ms (cache miss)
219 timing reifyNode:node_modules/source-map-js Completed in 327ms
220 http fetch GET 200 https://registry.npmjs.org/react/-/react-17.0.2.tgz 252ms (cache miss)
221 timing reifyNode:node_modules/react Completed in 331ms
222 http fetch GET 200 https://registry.npmjs.org/postcss/-/postcss-8.4.5.tgz 318ms (cache miss)
223 timing reifyNode:node_modules/postcss Completed in 374ms
224 http fetch GET 200 https://registry.npmjs.org/styled-jsx/-/styled-jsx-5.0.0.tgz 332ms (cache miss)
225 timing reifyNode:node_modules/styled-jsx Completed in 385ms
226 http fetch GET 200 https://registry.npmjs.org/react-dom/-/react-dom-17.0.2.tgz 378ms (cache miss)
227 timing reifyNode:node_modules/react-dom Completed in 454ms
228 http fetch GET 200 https://registry.npmjs.org/caniuse-lite/-/caniuse-lite-1.0.30001303.tgz 575ms (cache miss)
229 timing reifyNode:node_modules/caniuse-lite Completed in 642ms
230 http fetch POST 200 https://registry.npmjs.org/-/npm/v1/security/advisories/bulk 673ms
231 timing auditReport:getReport Completed in 676ms
232 silly audit report {}
233 timing auditReport:init Completed in 0ms
234 timing reify:audit Completed in 677ms
235 http fetch GET 200 https://registry.npmjs.org/next/-/next-12.0.9.tgz 2044ms (cache miss)
236 timing reifyNode:node_modules/next Completed in 2129ms
237 http fetch GET 200 https://registry.npmjs.org/@next/swc-linux-x64-musl/-/swc-linux-x64-musl-12.0.9.tgz 2108ms (cache miss)
238 timing reifyNode:node_modules/@next/swc-linux-x64-musl Completed in 2171ms
239 http fetch GET 200 https://registry.npmjs.org/@next/swc-linux-x64-gnu/-/swc-linux-x64-gnu-12.0.9.tgz 2127ms (cache miss)
240 timing reifyNode:node_modules/@next/swc-linux-x64-gnu Completed in 2200ms
241 timing reify:unpack Completed in 2204ms
242 timing reify:unretire Completed in 0ms
243 timing build:queue Completed in 1ms
244 timing build:link:node_modules/loose-envify Completed in 3ms
245 timing build:link:node_modules/nanoid Completed in 2ms
246 timing build:link:node_modules/next Completed in 2ms
247 timing build:link Completed in 3ms
248 timing build:deps Completed in 5ms
249 timing build Completed in 5ms
250 timing reify:build Completed in 6ms
251 timing reify:trash Completed in 2ms
252 timing reify:save Completed in 11ms
253 timing reify Completed in 6356ms
254 silly ADD node_modules/scheduler
255 silly ADD node_modules/js-tokens
256 silly ADD node_modules/object-assign
257 silly ADD node_modules/loose-envify
258 silly ADD node_modules/source-map-js
259 silly ADD node_modules/picocolors
260 silly ADD node_modules/nanoid
261 silly ADD node_modules/use-subscription
262 silly ADD node_modules/styled-jsx
263 silly ADD node_modules/postcss
264 silly ADD node_modules/caniuse-lite
265 silly ADD
266 silly ADD
267 silly ADD
268 silly ADD node_modules/@next/swc-linux-x64-musl
269 silly ADD node_modules/@next/swc-linux-x64-gnu
270 silly ADD
271 silly ADD
272 silly ADD
273 silly ADD
274 silly ADD
275 silly ADD
276 silly ADD node_modules/@next/env
277 silly ADD node_modules/react-dom
278 silly ADD node_modules/react
279 silly ADD node_modules/next
280 timing command:install Completed in 6365ms
281 verbose exit 0
282 timing npm Completed in 6672ms
283 info ok
